transferred Mon Apr 27 23:39:04 Japan 1998
transferred Tue Apr 28  0:30:11 Japan 1998
transferred Tue Apr 28  8:30:14 Japan 1998
transferred Tue Apr 28 12:30:12 Japan 1998
transferred Tue Apr 28 16:30:12 Japan 1998
transferred Tue Apr 28 20:30:12 Japan 1998
transferred Wed Apr 29  0:30:10 Japan 1998
transferred Wed Apr 29  8:30:11 Japan 1998
transferred Wed Apr 29 12:30:11 Japan 1998
transferred Wed Apr 29 16:30:12 Japan 1998
transferred Wed Apr 29 20:30:11 Japan 1998
transferred Thu Apr 30  0:30:14 Japan 1998
transferred Thu Apr 30  8:30:17 Japan 1998
transferred Thu Apr 30 12:30:11 Japan 1998
transferred Thu Apr 30 16:30:11 Japan 1998
transferred Thu Apr 30 20:30:11 Japan 1998
transferred Fri May  1  0:30:11 Japan 1998
transferred Fri May  1  8:30:13 Japan 1998
transferred Fri May  1 12:30:11 Japan 1998
transferred Fri May  1 16:30:15 Japan 1998
transferred Fri May  1 20:30:11 Japan 1998
transferred Sat May  2  0:30:14 Japan 1998
transferred Sat May  2  8:30:13 Japan 1998
transferred Sat May  2 12:30:14 Japan 1998
transferred Sat May  2 16:30:13 Japan 1998
transferred Sat May  2 20:30:11 Japan 1998
transferred Sun May  3  0:30:10 Japan 1998
transferred Sun May  3  8:30:12 Japan 1998
transferred Sun May  3 12:30:12 Japan 1998
transferred Sun May  3 16:30:12 Japan 1998
transferred Sun May  3 20:30:13 Japan 1998
transferred Mon May  4  0:30:11 Japan 1998
transferred Mon May  4  8:30:13 Japan 1998
transferred Mon May  4 12:30:16 Japan 1998
transferred Mon May  4 16:30:14 Japan 1998
transferred Mon May  4 20:30:13 Japan 1998
transferred Tue May  5  0:30:12 Japan 1998
transferred Tue May  5  8:30:13 Japan 1998
transferred Tue May  5 12:30:12 Japan 1998
transferred Tue May  5 16:30:13 Japan 1998
transferred Tue May  5 20:30:14 Japan 1998
transferred Wed May  6  0:30:14 Japan 1998
transferred Wed May  6  8:30:13 Japan 1998
transferred Wed May  6 12:30:15 Japan 1998
transferred Wed May  6 16:30:14 Japan 1998
transferred Wed May  6 20:30:11 Japan 1998
transferred Thu May  7  0:30:10 Japan 1998
transferred Thu May  7  8:30:14 Japan 1998
transferred Thu May  7 12:30:11 Japan 1998
transferred Thu May  7 16:30:11 Japan 1998
transferred Thu May  7 20:30:11 Japan 1998
transferred Fri May  8  0:30:12 Japan 1998
transferred Fri May  8  8:30:13 Japan 1998
transferred Fri May  8 12:30:11 Japan 1998
transferred Fri May  8 16:30:10 Japan 1998
transferred Fri May  8 20:30:20 Japan 1998
transferred Sat May  9  0:30:10 Japan 1998
transferred Sat May  9  8:30:11 Japan 1998
transferred Sat May  9 12:30:10 Japan 1998
transferred Sat May  9 16:30:17 Japan 1998
transferred Sat May  9 20:30:15 Japan 1998
transferred Sun May 10  0:30:15 Japan 1998
transferred Sun May 10  8:30:16 Japan 1998
transferred Sun May 10 12:30:18 Japan 1998
transferred Sun May 10 16:30:16 Japan 1998
transferred Sun May 10 20:30:15 Japan 1998
transferred Mon May 11  0:30:16 Japan 1998
transferred Mon May 11  8:30:17 Japan 1998
transferred Mon May 11 12:30:19 Japan 1998
transferred Mon May 11 16:30:15 Japan 1998
transferred Mon May 11 20:30:15 Japan 1998
transferred Tue May 12  0:30:15 Japan 1998
transferred Tue May 12  6:32:28 Japan 1998
transferred Tue May 12  6:34:01 Japan 1998
transferred Tue May 12  8:30:04 Japan 1998
transferred Tue May 12 12:30:07 Japan 1998
transferred Tue May 12 16:30:04 Japan 1998
transferred Tue May 12 20:30:03 Japan 1998
transferred Wed May 13  0:30:07 Japan 1998
transferred Wed May 13  8:30:04 Japan 1998
transferred Wed May 13 12:30:05 Japan 1998
transferred Wed May 13 16:30:06 Japan 1998
transferred Wed May 13 20:30:03 Japan 1998
transferred Thu May 14  0:30:03 Japan 1998
transferred Thu May 14  8:30:06 Japan 1998
transferred Thu May 14 12:30:04 Japan 1998
transferred Thu May 14 16:30:03 Japan 1998
transferred Thu May 14 20:30:03 Japan 1998
transferred Fri May 15  0:30:03 Japan 1998
transferred Fri May 15  8:30:03 Japan 1998
transferred Fri May 15 12:30:05 Japan 1998
transferred Fri May 15 16:30:03 Japan 1998
transferred Fri May 15 20:30:03 Japan 1998
transferred Sat May 16  0:30:04 Japan 1998
transferred Sat May 16  8:30:04 Japan 1998
transferred Sat May 16 12:30:03 Japan 1998
transferred Sat May 16 16:30:03 Japan 1998
transferred Sat May 16 20:30:03 Japan 1998
transferred Sun May 17  0:30:03 Japan 1998
transferred Sun May 17  8:30:05 Japan 1998
transferred Sun May 17 11:55:27 Japan 1998
transferred Sun May 17 12:21:56 Japan 1998
transferred Sun May 17 12:30:02 Japan 1998
transferred Sun May 17 16:30:04 Japan 1998
transferred Sun May 17 20:30:03 Japan 1998
transferred Mon May 18  0:30:07 Japan 1998
transferred Mon May 18  8:30:03 Japan 1998
transferred Mon May 18 12:30:12 Japan 1998
transferred Mon May 18 20:30:02 Japan 1998
transferred Tue May 19  0:30:03 Japan 1998
transferred Tue May 19  8:30:04 Japan 1998
transferred Tue May 19 12:30:03 Japan 1998
transferred Tue May 19 16:30:03 Japan 1998
transferred Tue May 19 20:30:07 Japan 1998
transferred Wed May 20  0:30:03 Japan 1998
transferred Wed May 20  8:30:03 Japan 1998
transferred Wed May 20 12:30:13 Japan 1998
transferred Wed May 20 16:30:09 Japan 1998
transferred Wed May 20 20:30:03 Japan 1998
transferred Thu May 21  0:30:03 Japan 1998
transferred Thu May 21  8:30:03 Japan 1998
transferred Thu May 21 12:30:02 Japan 1998
transferred Thu May 21 16:30:03 Japan 1998
transferred Thu May 21 20:30:03 Japan 1998
transferred Fri May 22  0:30:04 Japan 1998
transferred Fri May 22  8:30:03 Japan 1998
transferred Fri May 22 12:30:20 Japan 1998
transferred Fri May 22 16:30:07 Japan 1998
transferred Fri May 22 20:30:09 Japan 1998
transferred Sat May 23  0:30:03 Japan 1998
transferred Sat May 23  8:30:05 Japan 1998
transferred Sat May 23 12:30:07 Japan 1998
transferred Sat May 23 16:30:04 Japan 1998
transferred Sat May 23 20:30:10 Japan 1998
transferred Sun May 24  0:30:02 Japan 1998
transferred Sun May 24  8:30:03 Japan 1998
transferred Sun May 24 12:30:03 Japan 1998
transferred Sun May 24 16:30:03 Japan 1998
transferred Sun May 24 20:30:09 Japan 1998
transferred Mon May 25  0:30:02 Japan 1998
transferred Mon May 25  8:30:05 Japan 1998
transferred Mon May 25 12:30:08 Japan 1998
transferred Mon May 25 16:30:05 Japan 1998
transferred Mon May 25 20:30:09 Japan 1998
transferred Tue May 26  0:30:08 Japan 1998
transferred Tue May 26  8:30:06 Japan 1998
transferred Tue May 26 12:30:03 Japan 1998
transferred Tue May 26 16:30:03 Japan 1998
transferred Tue May 26 20:30:03 Japan 1998
transferred Wed May 27  0:30:02 Japan 1998
transferred Wed May 27  8:30:03 Japan 1998
transferred Wed May 27 12:30:06 Japan 1998
transferred Wed May 27 16:30:03 Japan 1998
transferred Wed May 27 20:30:03 Japan 1998
transferred Thu May 28  0:30:03 Japan 1998
transferred Thu May 28  8:30:11 Japan 1998
transferred Thu May 28 12:30:03 Japan 1998
transferred Thu May 28 16:30:03 Japan 1998
transferred Thu May 28 20:30:09 Japan 1998
transferred Fri May 29  0:30:03 Japan 1998
transferred Fri May 29  8:30:04 Japan 1998
transferred Fri May 29 12:30:20 Japan 1998
transferred Fri May 29 16:30:20 Japan 1998
transferred Fri May 29 20:30:15 Japan 1998
transferred Sat May 30  0:30:20 Japan 1998
transferred Sat May 30  8:30:04 Japan 1998
transferred Sat May 30 12:30:03 Japan 1998
transferred Sat May 30 16:30:04 Japan 1998
transferred Sat May 30 20:30:03 Japan 1998
transferred Sun May 31  0:30:03 Japan 1998
transferred Sun May 31  8:30:04 Japan 1998
transferred Sun May 31 12:30:03 Japan 1998
transferred Sun May 31 16:30:04 Japan 1998
transferred Sun May 31 20:30:03 Japan 1998
transferred Mon Jun  1  0:30:02 Japan 1998
transferred Mon Jun  1  8:30:04 Japan 1998
transferred Mon Jun  1 12:30:03 Japan 1998
transferred Mon Jun  1 16:30:16 Japan 1998
transferred Mon Jun  1 20:30:03 Japan 1998
transferred Tue Jun  2  0:30:02 Japan 1998
transferred Tue Jun  2  8:30:05 Japan 1998
transferred Tue Jun  2 12:30:19 Japan 1998
transferred Tue Jun  2 16:30:06 Japan 1998
transferred Tue Jun  2 20:30:01 Japan 1998
transferred Wed Jun  3  0:30:03 Japan 1998
transferred Wed Jun  3  8:30:04 Japan 1998
transferred Wed Jun  3 12:30:03 Japan 1998
transferred Wed Jun  3 16:30:09 Japan 1998
transferred Wed Jun  3 20:30:03 Japan 1998
transferred Thu Jun  4  0:30:02 Japan 1998
transferred Thu Jun  4  8:30:05 Japan 1998
transferred Thu Jun  4 12:30:06 Japan 1998
transferred Thu Jun  4 16:30:03 Japan 1998
transferred Thu Jun  4 20:30:02 Japan 1998
transferred Fri Jun  5  0:30:06 Japan 1998
transferred Fri Jun  5  8:30:04 Japan 1998
transferred Fri Jun  5 12:30:03 Japan 1998
transferred Fri Jun  5 16:30:04 Japan 1998
